<?xml version="1.0" encoding="UTF-8"?>
<testsuite name="com.hybris.hybris123.runtime.tests.Hybris123Tests" time="6.95" tests="1" errors="0" skipped="0" failures="1">
  <properties>
    <property name="java.runtime.name" value="Java(TM) SE Runtime Environment"/>
    <property name="sun.boot.library.path" value="/usr/lib/jvm/java-8-oracle/jre/lib/amd64"/>
    <property name="java.vm.version" value="25.171-b11"/>
    <property name="java.vm.vendor" value="Oracle Corporation"/>
    <property name="maven.multiModuleProjectDirectory" value="/opt/HYBRIS/hybris123"/>
    <property name="java.vendor.url" value="http://java.oracle.com/"/>
    <property name="path.separator" value=":"/>
    <property name="guice.disable.misplaced.annotation.check" value="true"/>
    <property name="java.vm.name" value="Java HotSpot(TM) 64-Bit Server VM"/>
    <property name="file.encoding.pkg" value="sun.io"/>
    <property name="user.country" value="US"/>
    <property name="sun.java.launcher" value="SUN_STANDARD"/>
    <property name="sun.os.patch.level" value="unknown"/>
    <property name="test" value="com.hybris.hybris123.runtime.tests.Hybris123Tests#testAcceleratorQuickDiveIsOk"/>
    <property name="java.vm.specification.name" value="Java Virtual Machine Specification"/>
    <property name="user.dir" value="/opt/HYBRIS/hybris123"/>
    <property name="java.runtime.version" value="1.8.0_171-b11"/>
    <property name="java.awt.graphicsenv" value="sun.awt.X11GraphicsEnvironment"/>
    <property name="java.endorsed.dirs" value="/usr/lib/jvm/java-8-oracle/jre/lib/endorsed"/>
    <property name="os.arch" value="amd64"/>
    <property name="java.io.tmpdir" value="/tmp"/>
    <property name="line.separator" value="&#10;"/>
    <property name="java.vm.specification.vendor" value="Oracle Corporation"/>
    <property name="os.name" value="Linux"/>
    <property name="classworlds.conf" value="/usr/share/maven/bin/m2.conf"/>
    <property name="sun.jnu.encoding" value="UTF-8"/>
    <property name="java.library.path" value="/usr/java/packages/lib/amd64:/usr/lib64:/lib64:/lib:/usr/lib"/>
    <property name="java.specification.name" value="Java Platform API Specification"/>
    <property name="java.class.version" value="52.0"/>
    <property name="sun.management.compiler" value="HotSpot 64-Bit Tiered Compilers"/>
    <property name="os.version" value="4.10.0-38-generic"/>
    <property name="user.home" value="/home/aleksandrs"/>
    <property name="user.timezone" value="Europe/Riga"/>
    <property name="java.awt.printerjob" value="sun.print.PSPrinterJob"/>
    <property name="java.specification.version" value="1.8"/>
    <property name="file.encoding" value="UTF-8"/>
    <property name="user.name" value="aleksandrs"/>
    <property name="java.class.path" value="/usr/share/maven/boot/plexus-classworlds-2.x.jar"/>
    <property name="java.vm.specification.version" value="1.8"/>
    <property name="sun.arch.data.model" value="64"/>
    <property name="java.home" value="/usr/lib/jvm/java-8-oracle/jre"/>
    <property name="sun.java.command" value="org.codehaus.plexus.classworlds.launcher.Launcher test -Dtest=com.hybris.hybris123.runtime.tests.Hybris123Tests#testAcceleratorQuickDiveIsOk test"/>
    <property name="java.specification.vendor" value="Oracle Corporation"/>
    <property name="user.language" value="en"/>
    <property name="awt.toolkit" value="sun.awt.X11.XToolkit"/>
    <property name="java.vm.info" value="mixed mode"/>
    <property name="java.version" value="1.8.0_171"/>
    <property name="java.ext.dirs" value="/usr/lib/jvm/java-8-oracle/jre/lib/ext:/usr/java/packages/lib/ext"/>
    <property name="securerandom.source" value="file:/dev/./urandom"/>
    <property name="sun.boot.class.path" value="/usr/lib/jvm/java-8-oracle/jre/lib/resources.jar:/usr/lib/jvm/java-8-oracle/jre/lib/rt.jar:/usr/lib/jvm/java-8-oracle/jre/lib/sunrsasign.jar:/usr/lib/jvm/java-8-oracle/jre/lib/jsse.jar:/usr/lib/jvm/java-8-oracle/jre/lib/jce.jar:/usr/lib/jvm/java-8-oracle/jre/lib/charsets.jar:/usr/lib/jvm/java-8-oracle/jre/lib/jfr.jar:/usr/lib/jvm/java-8-oracle/jre/classes"/>
    <property name="java.vendor" value="Oracle Corporation"/>
    <property name="maven.home" value="/usr/share/maven"/>
    <property name="file.separator" value="/"/>
    <property name="java.vendor.url.bug" value="http://bugreport.sun.com/bugreport/"/>
    <property name="sun.cpu.endian" value="little"/>
    <property name="sun.io.unicode.encoding" value="UnicodeLittle"/>
    <property name="sun.desktop" value="gnome"/>
    <property name="sun.cpu.isalist" value=""/>
  </properties>
  <testcase name="testAcceleratorQuickDiveIsOk" classname="com.hybris.hybris123.runtime.tests.Hybris123Tests" time="6.95">
    <failure message="Connect Exception" type="java.lang.AssertionError">java.lang.AssertionError: Connect Exception
	at org.junit.Assert.fail(Assert.java:88)
	at com.hybris.hybris123.runtime.tests.Hybris123Tests.fail(Hybris123Tests.java:1425)
</failure>
    <system-out><![CDATA[12:17:23.430 [main] DEBUG com.hybris.hybris123.runtime.tests.Hybris123Tests$SeleniumHelper - In getdriver
12:17:23.655 [Forwarding newSession on session null to remote] DEBUG org.apache.http.client.protocol.RequestAddCookies - CookieSpec selected: default
12:17:23.660 [Forwarding newSession on session null to remote] DEBUG org.apache.http.client.protocol.RequestAuthCache - Auth cache not set in the context
12:17:23.660 [Forwarding newSession on session null to remote] DEBUG org.apache.http.impl.conn.PoolingHttpClientConnectionManager - Connection request: [route: {}->http://localhost:16195][total kept alive: 0; route allocated: 0 of 2000; total allocated: 0 of 2000]
12:17:23.667 [Forwarding newSession on session null to remote] DEBUG org.apache.http.impl.conn.PoolingHttpClientConnectionManager - Connection leased: [id: 0][route: {}->http://localhost:16195][total kept alive: 0; route allocated: 1 of 2000; total allocated: 1 of 2000]
12:17:23.668 [Forwarding newSession on session null to remote] DEBUG org.apache.http.impl.execchain.MainClientExec - Opening connection {}->http://localhost:16195
12:17:23.669 [Forwarding newSession on session null to remote] DEBUG org.apache.http.impl.conn.DefaultHttpClientConnectionOperator - Connecting to localhost/127.0.0.1:16195
12:17:23.670 [Forwarding newSession on session null to remote] DEBUG org.apache.http.impl.conn.DefaultHttpClientConnectionOperator - Connection established 127.0.0.1:54838<->127.0.0.1:16195
12:17:23.670 [Forwarding newSession on session null to remote] DEBUG org.apache.http.impl.conn.DefaultManagedHttpClientConnection - http-outgoing-0: set socket timeout to 10800000
12:17:23.670 [Forwarding newSession on session null to remote] DEBUG org.apache.http.impl.execchain.MainClientExec - Executing request POST /session HTTP/1.1
12:17:23.670 [Forwarding newSession on session null to remote] DEBUG org.apache.http.impl.execchain.MainClientExec - Target auth state: UNCHALLENGED
12:17:23.671 [Forwarding newSession on session null to remote] DEBUG org.apache.http.impl.execchain.MainClientExec - Proxy auth state: UNCHALLENGED
12:17:23.671 [Forwarding newSession on session null to remote] DEBUG org.apache.http.headers - http-outgoing-0 >> POST /session HTTP/1.1
12:17:23.671 [Forwarding newSession on session null to remote] DEBUG org.apache.http.headers - http-outgoing-0 >> Content-Type: application/json; charset=utf-8
12:17:23.671 [Forwarding newSession on session null to remote] DEBUG org.apache.http.headers - http-outgoing-0 >> Content-Length: 550
12:17:23.671 [Forwarding newSession on session null to remote] DEBUG org.apache.http.headers - http-outgoing-0 >> Host: localhost:16195
12:17:23.671 [Forwarding newSession on session null to remote] DEBUG org.apache.http.headers - http-outgoing-0 >> Connection: Keep-Alive
12:17:23.672 [Forwarding newSession on session null to remote] DEBUG org.apache.http.headers - http-outgoing-0 >> User-Agent: Apache-HttpClient/4.5.3 (Java/1.8.0_171)
12:17:23.672 [Forwarding newSession on session null to remote] DEBUG org.apache.http.headers - http-outgoing-0 >> Accept-Encoding: gzip,deflate
12:17:23.672 [Forwarding newSession on session null to remote] DEBUG org.apache.http.wire - http-outgoing-0 >> "POST /session HTTP/1.1[\r][\n]"
12:17:23.672 [Forwarding newSession on session null to remote] DEBUG org.apache.http.wire - http-outgoing-0 >> "Content-Type: application/json; charset=utf-8[\r][\n]"
12:17:23.672 [Forwarding newSession on session null to remote] DEBUG org.apache.http.wire - http-outgoing-0 >> "Content-Length: 550[\r][\n]"
12:17:23.672 [Forwarding newSession on session null to remote] DEBUG org.apache.http.wire - http-outgoing-0 >> "Host: localhost:16195[\r][\n]"
12:17:23.672 [Forwarding newSession on session null to remote] DEBUG org.apache.http.wire - http-outgoing-0 >> "Connection: Keep-Alive[\r][\n]"
12:17:23.672 [Forwarding newSession on session null to remote] DEBUG org.apache.http.wire - http-outgoing-0 >> "User-Agent: Apache-HttpClient/4.5.3 (Java/1.8.0_171)[\r][\n]"
12:17:23.672 [Forwarding newSession on session null to remote] DEBUG org.apache.http.wire - http-outgoing-0 >> "Accept-Encoding: gzip,deflate[\r][\n]"
12:17:23.672 [Forwarding newSession on session null to remote] DEBUG org.apache.http.wire - http-outgoing-0 >> "[\r][\n]"
12:17:23.672 [Forwarding newSession on session null to remote] DEBUG org.apache.http.wire - http-outgoing-0 >> "{[\n]"
12:17:23.672 [Forwarding newSession on session null to remote] DEBUG org.apache.http.wire - http-outgoing-0 >> "  "desiredCapabilities": {[\n]"
12:17:23.672 [Forwarding newSession on session null to remote] DEBUG org.apache.http.wire - http-outgoing-0 >> "    "browserName": "chrome",[\n]"
12:17:23.672 [Forwarding newSession on session null to remote] DEBUG org.apache.http.wire - http-outgoing-0 >> "    "chromeOptions": {[\n]"
12:17:23.672 [Forwarding newSession on session null to remote] DEBUG org.apache.http.wire - http-outgoing-0 >> "      "args": [],[\n]"
12:17:23.672 [Forwarding newSession on session null to remote] DEBUG org.apache.http.wire - http-outgoing-0 >> "      "extensions": [][\n]"
12:17:23.672 [Forwarding newSession on session null to remote] DEBUG org.apache.http.wire - http-outgoing-0 >> "    },[\n]"
12:17:23.672 [Forwarding newSession on session null to remote] DEBUG org.apache.http.wire - http-outgoing-0 >> "    "version": "",[\n]"
12:17:23.672 [Forwarding newSession on session null to remote] DEBUG org.apache.http.wire - http-outgoing-0 >> "    "platform": "ANY"[\n]"
12:17:23.672 [Forwarding newSession on session null to remote] DEBUG org.apache.http.wire - http-outgoing-0 >> "  },[\n]"
12:17:23.672 [Forwarding newSession on session null to remote] DEBUG org.apache.http.wire - http-outgoing-0 >> "  "requiredCapabilities": {},[\n]"
12:17:23.672 [Forwarding newSession on session null to remote] DEBUG org.apache.http.wire - http-outgoing-0 >> "  "capabilities": {[\n]"
12:17:23.672 [Forwarding newSession on session null to remote] DEBUG org.apache.http.wire - http-outgoing-0 >> "    "desiredCapabilities": {[\n]"
12:17:23.672 [Forwarding newSession on session null to remote] DEBUG org.apache.http.wire - http-outgoing-0 >> "      "browserName": "chrome",[\n]"
12:17:23.672 [Forwarding newSession on session null to remote] DEBUG org.apache.http.wire - http-outgoing-0 >> "      "chromeOptions": {[\n]"
12:17:23.672 [Forwarding newSession on session null to remote] DEBUG org.apache.http.wire - http-outgoing-0 >> "        "args": [],[\n]"
12:17:23.672 [Forwarding newSession on session null to remote] DEBUG org.apache.http.wire - http-outgoing-0 >> "        "extensions": [][\n]"
12:17:23.672 [Forwarding newSession on session null to remote] DEBUG org.apache.http.wire - http-outgoing-0 >> "      },[\n]"
12:17:23.672 [Forwarding newSession on session null to remote] DEBUG org.apache.http.wire - http-outgoing-0 >> "      "version": "",[\n]"
12:17:23.672 [Forwarding newSession on session null to remote] DEBUG org.apache.http.wire - http-outgoing-0 >> "      "platform": "ANY"[\n]"
12:17:23.672 [Forwarding newSession on session null to remote] DEBUG org.apache.http.wire - http-outgoing-0 >> "    },[\n]"
12:17:23.672 [Forwarding newSession on session null to remote] DEBUG org.apache.http.wire - http-outgoing-0 >> "    "requiredCapabilities": {},[\n]"
12:17:23.672 [Forwarding newSession on session null to remote] DEBUG org.apache.http.wire - http-outgoing-0 >> "    "alwaysMatch": {},[\n]"
12:17:23.673 [Forwarding newSession on session null to remote] DEBUG org.apache.http.wire - http-outgoing-0 >> "    "firstMatch": [[\n]"
12:17:23.673 [Forwarding newSession on session null to remote] DEBUG org.apache.http.wire - http-outgoing-0 >> "      {[\n]"
12:17:23.673 [Forwarding newSession on session null to remote] DEBUG org.apache.http.wire - http-outgoing-0 >> "        "browserName": "chrome"[\n]"
12:17:23.673 [Forwarding newSession on session null to remote] DEBUG org.apache.http.wire - http-outgoing-0 >> "      }[\n]"
12:17:23.673 [Forwarding newSession on session null to remote] DEBUG org.apache.http.wire - http-outgoing-0 >> "    ][\n]"
12:17:23.673 [Forwarding newSession on session null to remote] DEBUG org.apache.http.wire - http-outgoing-0 >> "  }[\n]"
12:17:23.673 [Forwarding newSession on session null to remote] DEBUG org.apache.http.wire - http-outgoing-0 >> "}"
12:17:23.965 [Forwarding newSession on session null to remote] DEBUG org.apache.http.wire - http-outgoing-0 << "HTTP/1.1 200 OK[\r][\n]"
12:17:23.966 [Forwarding newSession on session null to remote] DEBUG org.apache.http.wire - http-outgoing-0 << "Content-Length:798[\r][\n]"
12:17:23.966 [Forwarding newSession on session null to remote] DEBUG org.apache.http.wire - http-outgoing-0 << "Content-Type:application/json; charset=utf-8[\r][\n]"
12:17:23.966 [Forwarding newSession on session null to remote] DEBUG org.apache.http.wire - http-outgoing-0 << "[\r][\n]"
12:17:23.966 [Forwarding newSession on session null to remote] DEBUG org.apache.http.wire - http-outgoing-0 << "{"sessionId":"64e5d2b424da661bf26a23e557a01abc","status":0,"value":{"acceptInsecureCerts":false,"acceptSslCerts":false,"applicationCacheEnabled":false,"browserConnectionEnabled":false,"browserName":"chrome","chrome":{"chromedriverVersion":"2.40.565383 (76257d1ab79276b2d53ee976b2c3e3b9f335cde7)","userDataDir":"/tmp/.org.chromium.Chromium.0VOuFC"},"cssSelectorsEnabled":true,"databaseEnabled":false,"handlesAlerts":true,"hasTouchScreen":false,"javascriptEnabled":true,"locationContextEnabled":true,"mobileEmulationEnabled":false,"nativeEvents":true,"networkConnectionEnabled":false,"pageLoadStrategy":"normal","platform":"Linux","rotatable":false,"setWindowRect":true,"takesHeapSnapshot":true,"takesScreenshot":true,"unexpectedAlertBehaviour":"","version":"66.0.3359.181","webStorageEnabled":true}}"
12:17:23.967 [Forwarding newSession on session null to remote] DEBUG org.apache.http.headers - http-outgoing-0 << HTTP/1.1 200 OK
12:17:23.968 [Forwarding newSession on session null to remote] DEBUG org.apache.http.headers - http-outgoing-0 << Content-Length:798
12:17:23.968 [Forwarding newSession on session null to remote] DEBUG org.apache.http.headers - http-outgoing-0 << Content-Type:application/json; charset=utf-8
12:17:23.970 [Forwarding newSession on session null to remote] DEBUG org.apache.http.impl.execchain.MainClientExec - Connection can be kept alive indefinitely
12:17:23.972 [Forwarding newSession on session null to remote] DEBUG org.apache.http.impl.conn.PoolingHttpClientConnectionManager - Connection [id: 0][route: {}->http://localhost:16195] can be kept alive indefinitely
12:17:23.973 [Forwarding newSession on session null to remote] DEBUG org.apache.http.impl.conn.PoolingHttpClientConnectionManager - Connection released: [id: 0][route: {}->http://localhost:16195][total kept alive: 1; route allocated: 1 of 2000; total allocated: 1 of 2000]
12:17:23.999 [Forwarding get on session 64e5d2b424da661bf26a23e557a01abc to remote] DEBUG org.apache.http.client.protocol.RequestAddCookies - CookieSpec selected: default
12:17:23.999 [Forwarding get on session 64e5d2b424da661bf26a23e557a01abc to remote] DEBUG org.apache.http.client.protocol.RequestAuthCache - Auth cache not set in the context
12:17:23.999 [Forwarding get on session 64e5d2b424da661bf26a23e557a01abc to remote] DEBUG org.apache.http.impl.conn.PoolingHttpClientConnectionManager - Connection request: [route: {}->http://localhost:16195][total kept alive: 1; route allocated: 1 of 2000; total allocated: 1 of 2000]
12:17:23.999 [Forwarding get on session 64e5d2b424da661bf26a23e557a01abc to remote] DEBUG org.apache.http.impl.conn.PoolingHttpClientConnectionManager - Connection leased: [id: 0][route: {}->http://localhost:16195][total kept alive: 0; route allocated: 1 of 2000; total allocated: 1 of 2000]
12:17:23.999 [Forwarding get on session 64e5d2b424da661bf26a23e557a01abc to remote] DEBUG org.apache.http.impl.execchain.MainClientExec - Stale connection check
12:17:24.000 [Forwarding get on session 64e5d2b424da661bf26a23e557a01abc to remote] DEBUG org.apache.http.wire - http-outgoing-0 << "[read] I/O error: Read timed out"
12:17:24.000 [Forwarding get on session 64e5d2b424da661bf26a23e557a01abc to remote] DEBUG org.apache.http.impl.conn.DefaultManagedHttpClientConnection - http-outgoing-0: set socket timeout to 10800000
12:17:24.000 [Forwarding get on session 64e5d2b424da661bf26a23e557a01abc to remote] DEBUG org.apache.http.impl.execchain.MainClientExec - Executing request POST /session/64e5d2b424da661bf26a23e557a01abc/url HTTP/1.1
12:17:24.000 [Forwarding get on session 64e5d2b424da661bf26a23e557a01abc to remote] DEBUG org.apache.http.impl.execchain.MainClientExec - Target auth state: UNCHALLENGED
12:17:24.000 [Forwarding get on session 64e5d2b424da661bf26a23e557a01abc to remote] DEBUG org.apache.http.impl.execchain.MainClientExec - Proxy auth state: UNCHALLENGED
12:17:24.000 [Forwarding get on session 64e5d2b424da661bf26a23e557a01abc to remote] DEBUG org.apache.http.headers - http-outgoing-0 >> POST /session/64e5d2b424da661bf26a23e557a01abc/url HTTP/1.1
12:17:24.000 [Forwarding get on session 64e5d2b424da661bf26a23e557a01abc to remote] DEBUG org.apache.http.headers - http-outgoing-0 >> Content-Type: application/json; charset=utf-8
12:17:24.000 [Forwarding get on session 64e5d2b424da661bf26a23e557a01abc to remote] DEBUG org.apache.http.headers - http-outgoing-0 >> Content-Length: 42
12:17:24.000 [Forwarding get on session 64e5d2b424da661bf26a23e557a01abc to remote] DEBUG org.apache.http.headers - http-outgoing-0 >> Host: localhost:16195
12:17:24.000 [Forwarding get on session 64e5d2b424da661bf26a23e557a01abc to remote] DEBUG org.apache.http.headers - http-outgoing-0 >> Connection: Keep-Alive
12:17:24.000 [Forwarding get on session 64e5d2b424da661bf26a23e557a01abc to remote] DEBUG org.apache.http.headers - http-outgoing-0 >> User-Agent: Apache-HttpClient/4.5.3 (Java/1.8.0_171)
12:17:24.001 [Forwarding get on session 64e5d2b424da661bf26a23e557a01abc to remote] DEBUG org.apache.http.headers - http-outgoing-0 >> Accept-Encoding: gzip,deflate
12:17:24.001 [Forwarding get on session 64e5d2b424da661bf26a23e557a01abc to remote] DEBUG org.apache.http.wire - http-outgoing-0 >> "POST /session/64e5d2b424da661bf26a23e557a01abc/url HTTP/1.1[\r][\n]"
12:17:24.001 [Forwarding get on session 64e5d2b424da661bf26a23e557a01abc to remote] DEBUG org.apache.http.wire - http-outgoing-0 >> "Content-Type: application/json; charset=utf-8[\r][\n]"
12:17:24.001 [Forwarding get on session 64e5d2b424da661bf26a23e557a01abc to remote] DEBUG org.apache.http.wire - http-outgoing-0 >> "Content-Length: 42[\r][\n]"
12:17:24.001 [Forwarding get on session 64e5d2b424da661bf26a23e557a01abc to remote] DEBUG org.apache.http.wire - http-outgoing-0 >> "Host: localhost:16195[\r][\n]"
12:17:24.001 [Forwarding get on session 64e5d2b424da661bf26a23e557a01abc to remote] DEBUG org.apache.http.wire - http-outgoing-0 >> "Connection: Keep-Alive[\r][\n]"
12:17:24.001 [Forwarding get on session 64e5d2b424da661bf26a23e557a01abc to remote] DEBUG org.apache.http.wire - http-outgoing-0 >> "User-Agent: Apache-HttpClient/4.5.3 (Java/1.8.0_171)[\r][\n]"
12:17:24.001 [Forwarding get on session 64e5d2b424da661bf26a23e557a01abc to remote] DEBUG org.apache.http.wire - http-outgoing-0 >> "Accept-Encoding: gzip,deflate[\r][\n]"
12:17:24.001 [Forwarding get on session 64e5d2b424da661bf26a23e557a01abc to remote] DEBUG org.apache.http.wire - http-outgoing-0 >> "[\r][\n]"
12:17:24.001 [Forwarding get on session 64e5d2b424da661bf26a23e557a01abc to remote] DEBUG org.apache.http.wire - http-outgoing-0 >> "{"url":"https://localhost:9002/login.jsp"}"
12:17:24.103 [Forwarding get on session 64e5d2b424da661bf26a23e557a01abc to remote] DEBUG org.apache.http.wire - http-outgoing-0 << "HTTP/1.1 200 OK[\r][\n]"
12:17:24.103 [Forwarding get on session 64e5d2b424da661bf26a23e557a01abc to remote] DEBUG org.apache.http.wire - http-outgoing-0 << "Content-Length:72[\r][\n]"
12:17:24.103 [Forwarding get on session 64e5d2b424da661bf26a23e557a01abc to remote] DEBUG org.apache.http.wire - http-outgoing-0 << "Content-Type:application/json; charset=utf-8[\r][\n]"
12:17:24.107 [Forwarding get on session 64e5d2b424da661bf26a23e557a01abc to remote] DEBUG org.apache.http.wire - http-outgoing-0 << "[\r][\n]"
12:17:24.107 [Forwarding get on session 64e5d2b424da661bf26a23e557a01abc to remote] DEBUG org.apache.http.wire - http-outgoing-0 << "{"sessionId":"64e5d2b424da661bf26a23e557a01abc","status":0,"value":null}"
12:17:24.107 [Forwarding get on session 64e5d2b424da661bf26a23e557a01abc to remote] DEBUG org.apache.http.headers - http-outgoing-0 << HTTP/1.1 200 OK
12:17:24.108 [Forwarding get on session 64e5d2b424da661bf26a23e557a01abc to remote] DEBUG org.apache.http.headers - http-outgoing-0 << Content-Length:72
12:17:24.108 [Forwarding get on session 64e5d2b424da661bf26a23e557a01abc to remote] DEBUG org.apache.http.headers - http-outgoing-0 << Content-Type:application/json; charset=utf-8
12:17:24.108 [Forwarding get on session 64e5d2b424da661bf26a23e557a01abc to remote] DEBUG org.apache.http.impl.execchain.MainClientExec - Connection can be kept alive indefinitely
12:17:24.108 [Forwarding get on session 64e5d2b424da661bf26a23e557a01abc to remote] DEBUG org.apache.http.impl.conn.PoolingHttpClientConnectionManager - Connection [id: 0][route: {}->http://localhost:16195] can be kept alive indefinitely
12:17:24.108 [Forwarding get on session 64e5d2b424da661bf26a23e557a01abc to remote] DEBUG org.apache.http.impl.conn.PoolingHttpClientConnectionManager - Connection released: [id: 0][route: {}->http://localhost:16195][total kept alive: 1; route allocated: 1 of 2000; total allocated: 1 of 2000]
12:17:30.116 [Forwarding findElement on session 64e5d2b424da661bf26a23e557a01abc to remote] DEBUG org.apache.http.client.protocol.RequestAddCookies - CookieSpec selected: default
12:17:30.116 [Forwarding findElement on session 64e5d2b424da661bf26a23e557a01abc to remote] DEBUG org.apache.http.client.protocol.RequestAuthCache - Auth cache not set in the context
12:17:30.116 [Forwarding findElement on session 64e5d2b424da661bf26a23e557a01abc to remote] DEBUG org.apache.http.impl.conn.PoolingHttpClientConnectionManager - Connection request: [route: {}->http://localhost:16195][total kept alive: 1; route allocated: 1 of 2000; total allocated: 1 of 2000]
12:17:30.117 [Forwarding findElement on session 64e5d2b424da661bf26a23e557a01abc to remote] DEBUG org.apache.http.wire - http-outgoing-0 << "[read] I/O error: Read timed out"
12:17:30.117 [Forwarding findElement on session 64e5d2b424da661bf26a23e557a01abc to remote] DEBUG org.apache.http.impl.conn.PoolingHttpClientConnectionManager - Connection leased: [id: 0][route: {}->http://localhost:16195][total kept alive: 0; route allocated: 1 of 2000; total allocated: 1 of 2000]
12:17:30.117 [Forwarding findElement on session 64e5d2b424da661bf26a23e557a01abc to remote] DEBUG org.apache.http.impl.execchain.MainClientExec - Stale connection check
12:17:30.118 [Forwarding findElement on session 64e5d2b424da661bf26a23e557a01abc to remote] DEBUG org.apache.http.wire - http-outgoing-0 << "[read] I/O error: Read timed out"
12:17:30.118 [Forwarding findElement on session 64e5d2b424da661bf26a23e557a01abc to remote] DEBUG org.apache.http.impl.conn.DefaultManagedHttpClientConnection - http-outgoing-0: set socket timeout to 10800000
12:17:30.118 [Forwarding findElement on session 64e5d2b424da661bf26a23e557a01abc to remote] DEBUG org.apache.http.impl.execchain.MainClientExec - Executing request POST /session/64e5d2b424da661bf26a23e557a01abc/element HTTP/1.1
12:17:30.118 [Forwarding findElement on session 64e5d2b424da661bf26a23e557a01abc to remote] DEBUG org.apache.http.impl.execchain.MainClientExec - Target auth state: UNCHALLENGED
12:17:30.119 [Forwarding findElement on session 64e5d2b424da661bf26a23e557a01abc to remote] DEBUG org.apache.http.impl.execchain.MainClientExec - Proxy auth state: UNCHALLENGED
12:17:30.119 [Forwarding findElement on session 64e5d2b424da661bf26a23e557a01abc to remote] DEBUG org.apache.http.headers - http-outgoing-0 >> POST /session/64e5d2b424da661bf26a23e557a01abc/element HTTP/1.1
12:17:30.119 [Forwarding findElement on session 64e5d2b424da661bf26a23e557a01abc to remote] DEBUG org.apache.http.headers - http-outgoing-0 >> Content-Type: application/json; charset=utf-8
12:17:30.119 [Forwarding findElement on session 64e5d2b424da661bf26a23e557a01abc to remote] DEBUG org.apache.http.headers - http-outgoing-0 >> Content-Length: 37
12:17:30.119 [Forwarding findElement on session 64e5d2b424da661bf26a23e557a01abc to remote] DEBUG org.apache.http.headers - http-outgoing-0 >> Host: localhost:16195
12:17:30.119 [Forwarding findElement on session 64e5d2b424da661bf26a23e557a01abc to remote] DEBUG org.apache.http.headers - http-outgoing-0 >> Connection: Keep-Alive
12:17:30.119 [Forwarding findElement on session 64e5d2b424da661bf26a23e557a01abc to remote] DEBUG org.apache.http.headers - http-outgoing-0 >> User-Agent: Apache-HttpClient/4.5.3 (Java/1.8.0_171)
12:17:30.119 [Forwarding findElement on session 64e5d2b424da661bf26a23e557a01abc to remote] DEBUG org.apache.http.headers - http-outgoing-0 >> Accept-Encoding: gzip,deflate
12:17:30.119 [Forwarding findElement on session 64e5d2b424da661bf26a23e557a01abc to remote] DEBUG org.apache.http.wire - http-outgoing-0 >> "POST /session/64e5d2b424da661bf26a23e557a01abc/element HTTP/1.1[\r][\n]"
12:17:30.119 [Forwarding findElement on session 64e5d2b424da661bf26a23e557a01abc to remote] DEBUG org.apache.http.wire - http-outgoing-0 >> "Content-Type: application/json; charset=utf-8[\r][\n]"
12:17:30.119 [Forwarding findElement on session 64e5d2b424da661bf26a23e557a01abc to remote] DEBUG org.apache.http.wire - http-outgoing-0 >> "Content-Length: 37[\r][\n]"
12:17:30.119 [Forwarding findElement on session 64e5d2b424da661bf26a23e557a01abc to remote] DEBUG org.apache.http.wire - http-outgoing-0 >> "Host: localhost:16195[\r][\n]"
12:17:30.119 [Forwarding findElement on session 64e5d2b424da661bf26a23e557a01abc to remote] DEBUG org.apache.http.wire - http-outgoing-0 >> "Connection: Keep-Alive[\r][\n]"
12:17:30.119 [Forwarding findElement on session 64e5d2b424da661bf26a23e557a01abc to remote] DEBUG org.apache.http.wire - http-outgoing-0 >> "User-Agent: Apache-HttpClient/4.5.3 (Java/1.8.0_171)[\r][\n]"
12:17:30.119 [Forwarding findElement on session 64e5d2b424da661bf26a23e557a01abc to remote] DEBUG org.apache.http.wire - http-outgoing-0 >> "Accept-Encoding: gzip,deflate[\r][\n]"
12:17:30.119 [Forwarding findElement on session 64e5d2b424da661bf26a23e557a01abc to remote] DEBUG org.apache.http.wire - http-outgoing-0 >> "[\r][\n]"
12:17:30.119 [Forwarding findElement on session 64e5d2b424da661bf26a23e557a01abc to remote] DEBUG org.apache.http.wire - http-outgoing-0 >> "{"using":"name","value":"j_username"}"
12:17:30.132 [Forwarding findElement on session 64e5d2b424da661bf26a23e557a01abc to remote] DEBUG org.apache.http.wire - http-outgoing-0 << "HTTP/1.1 200 OK[\r][\n]"
12:17:30.132 [Forwarding findElement on session 64e5d2b424da661bf26a23e557a01abc to remote] DEBUG org.apache.http.wire - http-outgoing-0 << "Content-Length:340[\r][\n]"
12:17:30.132 [Forwarding findElement on session 64e5d2b424da661bf26a23e557a01abc to remote] DEBUG org.apache.http.wire - http-outgoing-0 << "Content-Type:application/json; charset=utf-8[\r][\n]"
12:17:30.132 [Forwarding findElement on session 64e5d2b424da661bf26a23e557a01abc to remote] DEBUG org.apache.http.wire - http-outgoing-0 << "[\r][\n]"
12:17:30.132 [Forwarding findElement on session 64e5d2b424da661bf26a23e557a01abc to remote] DEBUG org.apache.http.wire - http-outgoing-0 << "{"sessionId":"64e5d2b424da661bf26a23e557a01abc","status":7,"value":{"message":"no such element: Unable to locate element: {\"method\":\"name\",\"selector\":\"j_username\"}\n  (Session info: chrome=66.0.3359.181)\n  (Driver info: chromedriver=2.40.565383 (76257d1ab79276b2d53ee976b2c3e3b9f335cde7),platform=Linux 4.10.0-38-generic x86_64)"}}"
12:17:30.132 [Forwarding findElement on session 64e5d2b424da661bf26a23e557a01abc to remote] DEBUG org.apache.http.headers - http-outgoing-0 << HTTP/1.1 200 OK
12:17:30.132 [Forwarding findElement on session 64e5d2b424da661bf26a23e557a01abc to remote] DEBUG org.apache.http.headers - http-outgoing-0 << Content-Length:340
12:17:30.132 [Forwarding findElement on session 64e5d2b424da661bf26a23e557a01abc to remote] DEBUG org.apache.http.headers - http-outgoing-0 << Content-Type:application/json; charset=utf-8
12:17:30.132 [Forwarding findElement on session 64e5d2b424da661bf26a23e557a01abc to remote] DEBUG org.apache.http.impl.execchain.MainClientExec - Connection can be kept alive indefinitely
12:17:30.133 [Forwarding findElement on session 64e5d2b424da661bf26a23e557a01abc to remote] DEBUG org.apache.http.impl.conn.PoolingHttpClientConnectionManager - Connection [id: 0][route: {}->http://localhost:16195] can be kept alive indefinitely
12:17:30.133 [Forwarding findElement on session 64e5d2b424da661bf26a23e557a01abc to remote] DEBUG org.apache.http.impl.conn.PoolingHttpClientConnectionManager - Connection released: [id: 0][route: {}->http://localhost:16195][total kept alive: 1; route allocated: 1 of 2000; total allocated: 1 of 2000]
12:17:30.137 [main] DEBUG com.hybris.hybris123.runtime.tests.Hybris123Tests - In fail testAcceleratorQuickDiveIsOk Connect Exception
getStackTrace
closeBrowser
closeSelenium
invoke0
invoke
invoke
invoke
runReflectiveCall
run
invokeExplosively
evaluate
runLeaf
runChild
runChild
run
schedule
runChildren
access$000
evaluate
run
execute
executeWithRerun
executeTestSet
invoke
invokeProviderInSameClassLoader
runSuitesInProcess
main
12:17:30.138 [Forwarding close on session 64e5d2b424da661bf26a23e557a01abc to remote] DEBUG org.apache.http.client.protocol.RequestAddCookies - CookieSpec selected: default
12:17:30.138 [Forwarding close on session 64e5d2b424da661bf26a23e557a01abc to remote] DEBUG org.apache.http.client.protocol.RequestAuthCache - Auth cache not set in the context
12:17:30.138 [Forwarding close on session 64e5d2b424da661bf26a23e557a01abc to remote] DEBUG org.apache.http.impl.conn.PoolingHttpClientConnectionManager - Connection request: [route: {}->http://localhost:16195][total kept alive: 1; route allocated: 1 of 2000; total allocated: 1 of 2000]
12:17:30.138 [Forwarding close on session 64e5d2b424da661bf26a23e557a01abc to remote] DEBUG org.apache.http.impl.conn.PoolingHttpClientConnectionManager - Connection leased: [id: 0][route: {}->http://localhost:16195][total kept alive: 0; route allocated: 1 of 2000; total allocated: 1 of 2000]
12:17:30.138 [Forwarding close on session 64e5d2b424da661bf26a23e557a01abc to remote] DEBUG org.apache.http.impl.execchain.MainClientExec - Stale connection check
12:17:30.140 [Forwarding close on session 64e5d2b424da661bf26a23e557a01abc to remote] DEBUG org.apache.http.wire - http-outgoing-0 << "[read] I/O error: Read timed out"
12:17:30.140 [Forwarding close on session 64e5d2b424da661bf26a23e557a01abc to remote] DEBUG org.apache.http.impl.conn.DefaultManagedHttpClientConnection - http-outgoing-0: set socket timeout to 10800000
12:17:30.140 [Forwarding close on session 64e5d2b424da661bf26a23e557a01abc to remote] DEBUG org.apache.http.impl.execchain.MainClientExec - Executing request DELETE /session/64e5d2b424da661bf26a23e557a01abc/window HTTP/1.1
12:17:30.140 [Forwarding close on session 64e5d2b424da661bf26a23e557a01abc to remote] DEBUG org.apache.http.impl.execchain.MainClientExec - Target auth state: UNCHALLENGED
12:17:30.140 [Forwarding close on session 64e5d2b424da661bf26a23e557a01abc to remote] DEBUG org.apache.http.impl.execchain.MainClientExec - Proxy auth state: UNCHALLENGED
12:17:30.140 [Forwarding close on session 64e5d2b424da661bf26a23e557a01abc to remote] DEBUG org.apache.http.headers - http-outgoing-0 >> DELETE /session/64e5d2b424da661bf26a23e557a01abc/window HTTP/1.1
12:17:30.140 [Forwarding close on session 64e5d2b424da661bf26a23e557a01abc to remote] DEBUG org.apache.http.headers - http-outgoing-0 >> Host: localhost:16195
12:17:30.140 [Forwarding close on session 64e5d2b424da661bf26a23e557a01abc to remote] DEBUG org.apache.http.headers - http-outgoing-0 >> Connection: Keep-Alive
12:17:30.140 [Forwarding close on session 64e5d2b424da661bf26a23e557a01abc to remote] DEBUG org.apache.http.headers - http-outgoing-0 >> User-Agent: Apache-HttpClient/4.5.3 (Java/1.8.0_171)
12:17:30.140 [Forwarding close on session 64e5d2b424da661bf26a23e557a01abc to remote] DEBUG org.apache.http.headers - http-outgoing-0 >> Accept-Encoding: gzip,deflate
12:17:30.140 [Forwarding close on session 64e5d2b424da661bf26a23e557a01abc to remote] DEBUG org.apache.http.wire - http-outgoing-0 >> "DELETE /session/64e5d2b424da661bf26a23e557a01abc/window HTTP/1.1[\r][\n]"
12:17:30.140 [Forwarding close on session 64e5d2b424da661bf26a23e557a01abc to remote] DEBUG org.apache.http.wire - http-outgoing-0 >> "Host: localhost:16195[\r][\n]"
12:17:30.140 [Forwarding close on session 64e5d2b424da661bf26a23e557a01abc to remote] DEBUG org.apache.http.wire - http-outgoing-0 >> "Connection: Keep-Alive[\r][\n]"
12:17:30.140 [Forwarding close on session 64e5d2b424da661bf26a23e557a01abc to remote] DEBUG org.apache.http.wire - http-outgoing-0 >> "User-Agent: Apache-HttpClient/4.5.3 (Java/1.8.0_171)[\r][\n]"
12:17:30.140 [Forwarding close on session 64e5d2b424da661bf26a23e557a01abc to remote] DEBUG org.apache.http.wire - http-outgoing-0 >> "Accept-Encoding: gzip,deflate[\r][\n]"
12:17:30.140 [Forwarding close on session 64e5d2b424da661bf26a23e557a01abc to remote] DEBUG org.apache.http.wire - http-outgoing-0 >> "[\r][\n]"
12:17:30.195 [Forwarding close on session 64e5d2b424da661bf26a23e557a01abc to remote] DEBUG org.apache.http.wire - http-outgoing-0 << "HTTP/1.1 200 OK[\r][\n]"
12:17:30.195 [Forwarding close on session 64e5d2b424da661bf26a23e557a01abc to remote] DEBUG org.apache.http.wire - http-outgoing-0 << "Content-Length:72[\r][\n]"
12:17:30.196 [Forwarding close on session 64e5d2b424da661bf26a23e557a01abc to remote] DEBUG org.apache.http.wire - http-outgoing-0 << "Content-Type:application/json; charset=utf-8[\r][\n]"
12:17:30.196 [Forwarding close on session 64e5d2b424da661bf26a23e557a01abc to remote] DEBUG org.apache.http.wire - http-outgoing-0 << "[\r][\n]"
12:17:30.196 [Forwarding close on session 64e5d2b424da661bf26a23e557a01abc to remote] DEBUG org.apache.http.wire - http-outgoing-0 << "{"sessionId":"64e5d2b424da661bf26a23e557a01abc","status":0,"value":null}"
12:17:30.196 [Forwarding close on session 64e5d2b424da661bf26a23e557a01abc to remote] DEBUG org.apache.http.headers - http-outgoing-0 << HTTP/1.1 200 OK
12:17:30.196 [Forwarding close on session 64e5d2b424da661bf26a23e557a01abc to remote] DEBUG org.apache.http.headers - http-outgoing-0 << Content-Length:72
12:17:30.196 [Forwarding close on session 64e5d2b424da661bf26a23e557a01abc to remote] DEBUG org.apache.http.headers - http-outgoing-0 << Content-Type:application/json; charset=utf-8
12:17:30.196 [Forwarding close on session 64e5d2b424da661bf26a23e557a01abc to remote] DEBUG org.apache.http.impl.execchain.MainClientExec - Connection can be kept alive indefinitely
12:17:30.196 [Forwarding close on session 64e5d2b424da661bf26a23e557a01abc to remote] DEBUG org.apache.http.impl.conn.PoolingHttpClientConnectionManager - Connection [id: 0][route: {}->http://localhost:16195] can be kept alive indefinitely
12:17:30.196 [Forwarding close on session 64e5d2b424da661bf26a23e557a01abc to remote] DEBUG org.apache.http.impl.conn.PoolingHttpClientConnectionManager - Connection released: [id: 0][route: {}->http://localhost:16195][total kept alive: 1; route allocated: 1 of 2000; total allocated: 1 of 2000]
12:17:30.197 [Forwarding quit on session 64e5d2b424da661bf26a23e557a01abc to remote] DEBUG org.apache.http.client.protocol.RequestAddCookies - CookieSpec selected: default
12:17:30.197 [Forwarding quit on session 64e5d2b424da661bf26a23e557a01abc to remote] DEBUG org.apache.http.client.protocol.RequestAuthCache - Auth cache not set in the context
12:17:30.197 [Forwarding quit on session 64e5d2b424da661bf26a23e557a01abc to remote] DEBUG org.apache.http.impl.conn.PoolingHttpClientConnectionManager - Connection request: [route: {}->http://localhost:16195][total kept alive: 1; route allocated: 1 of 2000; total allocated: 1 of 2000]
12:17:30.197 [Forwarding quit on session 64e5d2b424da661bf26a23e557a01abc to remote] DEBUG org.apache.http.impl.conn.PoolingHttpClientConnectionManager - Connection leased: [id: 0][route: {}->http://localhost:16195][total kept alive: 0; route allocated: 1 of 2000; total allocated: 1 of 2000]
12:17:30.197 [Forwarding quit on session 64e5d2b424da661bf26a23e557a01abc to remote] DEBUG org.apache.http.impl.execchain.MainClientExec - Stale connection check
12:17:30.199 [Forwarding quit on session 64e5d2b424da661bf26a23e557a01abc to remote] DEBUG org.apache.http.wire - http-outgoing-0 << "[read] I/O error: Read timed out"
12:17:30.199 [Forwarding quit on session 64e5d2b424da661bf26a23e557a01abc to remote] DEBUG org.apache.http.impl.conn.DefaultManagedHttpClientConnection - http-outgoing-0: set socket timeout to 10800000
12:17:30.199 [Forwarding quit on session 64e5d2b424da661bf26a23e557a01abc to remote] DEBUG org.apache.http.impl.execchain.MainClientExec - Executing request DELETE /session/64e5d2b424da661bf26a23e557a01abc HTTP/1.1
12:17:30.199 [Forwarding quit on session 64e5d2b424da661bf26a23e557a01abc to remote] DEBUG org.apache.http.impl.execchain.MainClientExec - Target auth state: UNCHALLENGED
12:17:30.199 [Forwarding quit on session 64e5d2b424da661bf26a23e557a01abc to remote] DEBUG org.apache.http.impl.execchain.MainClientExec - Proxy auth state: UNCHALLENGED
12:17:30.199 [Forwarding quit on session 64e5d2b424da661bf26a23e557a01abc to remote] DEBUG org.apache.http.headers - http-outgoing-0 >> DELETE /session/64e5d2b424da661bf26a23e557a01abc HTTP/1.1
12:17:30.199 [Forwarding quit on session 64e5d2b424da661bf26a23e557a01abc to remote] DEBUG org.apache.http.headers - http-outgoing-0 >> Host: localhost:16195
12:17:30.199 [Forwarding quit on session 64e5d2b424da661bf26a23e557a01abc to remote] DEBUG org.apache.http.headers - http-outgoing-0 >> Connection: Keep-Alive
12:17:30.199 [Forwarding quit on session 64e5d2b424da661bf26a23e557a01abc to remote] DEBUG org.apache.http.headers - http-outgoing-0 >> User-Agent: Apache-HttpClient/4.5.3 (Java/1.8.0_171)
12:17:30.199 [Forwarding quit on session 64e5d2b424da661bf26a23e557a01abc to remote] DEBUG org.apache.http.headers - http-outgoing-0 >> Accept-Encoding: gzip,deflate
12:17:30.199 [Forwarding quit on session 64e5d2b424da661bf26a23e557a01abc to remote] DEBUG org.apache.http.wire - http-outgoing-0 >> "DELETE /session/64e5d2b424da661bf26a23e557a01abc HTTP/1.1[\r][\n]"
12:17:30.199 [Forwarding quit on session 64e5d2b424da661bf26a23e557a01abc to remote] DEBUG org.apache.http.wire - http-outgoing-0 >> "Host: localhost:16195[\r][\n]"
12:17:30.199 [Forwarding quit on session 64e5d2b424da661bf26a23e557a01abc to remote] DEBUG org.apache.http.wire - http-outgoing-0 >> "Connection: Keep-Alive[\r][\n]"
12:17:30.199 [Forwarding quit on session 64e5d2b424da661bf26a23e557a01abc to remote] DEBUG org.apache.http.wire - http-outgoing-0 >> "User-Agent: Apache-HttpClient/4.5.3 (Java/1.8.0_171)[\r][\n]"
12:17:30.199 [Forwarding quit on session 64e5d2b424da661bf26a23e557a01abc to remote] DEBUG org.apache.http.wire - http-outgoing-0 >> "Accept-Encoding: gzip,deflate[\r][\n]"
12:17:30.199 [Forwarding quit on session 64e5d2b424da661bf26a23e557a01abc to remote] DEBUG org.apache.http.wire - http-outgoing-0 >> "[\r][\n]"
12:17:30.199 [Forwarding quit on session 64e5d2b424da661bf26a23e557a01abc to remote] DEBUG org.apache.http.wire - http-outgoing-0 << "HTTP/1.1 200 OK[\r][\n]"
12:17:30.199 [Forwarding quit on session 64e5d2b424da661bf26a23e557a01abc to remote] DEBUG org.apache.http.wire - http-outgoing-0 << "Content-Length:72[\r][\n]"
12:17:30.199 [Forwarding quit on session 64e5d2b424da661bf26a23e557a01abc to remote] DEBUG org.apache.http.wire - http-outgoing-0 << "Content-Type:application/json; charset=utf-8[\r][\n]"
12:17:30.199 [Forwarding quit on session 64e5d2b424da661bf26a23e557a01abc to remote] DEBUG org.apache.http.wire - http-outgoing-0 << "[\r][\n]"
12:17:30.199 [Forwarding quit on session 64e5d2b424da661bf26a23e557a01abc to remote] DEBUG org.apache.http.wire - http-outgoing-0 << "{"sessionId":"64e5d2b424da661bf26a23e557a01abc","status":0,"value":null}"
12:17:30.199 [Forwarding quit on session 64e5d2b424da661bf26a23e557a01abc to remote] DEBUG org.apache.http.headers - http-outgoing-0 << HTTP/1.1 200 OK
12:17:30.199 [Forwarding quit on session 64e5d2b424da661bf26a23e557a01abc to remote] DEBUG org.apache.http.headers - http-outgoing-0 << Content-Length:72
12:17:30.199 [Forwarding quit on session 64e5d2b424da661bf26a23e557a01abc to remote] DEBUG org.apache.http.headers - http-outgoing-0 << Content-Type:application/json; charset=utf-8
12:17:30.199 [Forwarding quit on session 64e5d2b424da661bf26a23e557a01abc to remote] DEBUG org.apache.http.impl.execchain.MainClientExec - Connection can be kept alive indefinitely
12:17:30.200 [Forwarding quit on session 64e5d2b424da661bf26a23e557a01abc to remote] DEBUG org.apache.http.impl.conn.PoolingHttpClientConnectionManager - Connection [id: 0][route: {}->http://localhost:16195] can be kept alive indefinitely
12:17:30.200 [Forwarding quit on session 64e5d2b424da661bf26a23e557a01abc to remote] DEBUG org.apache.http.impl.conn.PoolingHttpClientConnectionManager - Connection released: [id: 0][route: {}->http://localhost:16195][total kept alive: 1; route allocated: 1 of 2000; total allocated: 1 of 2000]
12:17:30.201 [Forwarding quit on session 64e5d2b424da661bf26a23e557a01abc to remote] DEBUG org.apache.http.impl.conn.PoolingHttpClientConnectionManager - Closing connections idle longer than 0 SECONDS
12:17:30.201 [Forwarding quit on session 64e5d2b424da661bf26a23e557a01abc to remote] DEBUG org.apache.http.impl.conn.DefaultManagedHttpClientConnection - http-outgoing-0: Close connection
]]></system-out>
    <system-err><![CDATA[Starting ChromeDriver 2.40.565383 (76257d1ab79276b2d53ee976b2c3e3b9f335cde7) on port 16195
Only local connections are allowed.
Using PPAPI flash.
--disable-new-tab-first-run --enable-user-scripts --ppapi-flash-path=/usr/lib/adobe-flashplugin/libpepflashplayer.so --ppapi-flash-version=
Jun 29, 2018 12:17:23 PM org.openqa.selenium.remote.ProtocolHandshake createSession
INFO: Detected dialect: OSS
]]></system-err>
  </testcase>
</testsuite>